<?xml version="1.0" encoding="UTF-8"?>
<testsuite name="com.upao.taks.TaksApplicationTests" tests="2" skipped="0" failures="0" errors="0" timestamp="2023-09-17T01:52:59" hostname="OPTIMUS" time="1.917">
  <properties/>
  <testcase name="testAddTaskAndRetrieveTasks()" classname="com.upao.taks.TaksApplicationTests" time="1.91"/>
  <testcase name="contextLoads()" classname="com.upao.taks.TaksApplicationTests" time="0.004"/>
  <system-out><![CDATA[20:52:55.680 [Test worker] INFO org.springframework.test.context.support.AnnotationConfigContextLoaderUtils -- Could not detect default configuration classes for test class [com.upao.taks.TaksApplicationTests]: TaksApplicationTests does not declare any static, non-private, non-final, nested classes annotated with @Configuration.
20:52:55.929 [Test worker] INFO org.springframework.boot.test.context.SpringBootTestContextBootstrapper -- Found @SpringBootConfiguration com.upao.taks.TaksApplication for test class com.upao.taks.TaksApplicationTests

  .   ____          _            __ _ _
 /\\ / ___'_ __ _ _(_)_ __  __ _ \ \ \ \
( ( )\___ | '_ | '_| | '_ \/ _` | \ \ \ \
 \\/  ___)| |_)| | | | | || (_| |  ) ) ) )
  '  |____| .__|_| |_|_| |_\__, | / / / /
 =========|_|==============|___/=/_/_/_/
 :: Spring Boot ::                (v3.1.3)

2023-09-16T20:52:56.723-05:00  INFO 14556 --- [    Test worker] com.upao.taks.TaksApplicationTests       : Starting TaksApplicationTests using Java 17.0.5 with PID 14556 (started by CARLOS in E:\UPAO\2023-20\ArqSoftware\Clase03\practice\taks)
2023-09-16T20:52:56.726-05:00  INFO 14556 --- [    Test worker] com.upao.taks.TaksApplicationTests       : No active profile set, falling back to 1 default profile: "default"
2023-09-16T20:52:58.579-05:00  INFO 14556 --- [    Test worker] o.s.b.w.embedded.tomcat.TomcatWebServer  : Tomcat initialized with port(s): 0 (http)
2023-09-16T20:52:58.598-05:00  INFO 14556 --- [    Test worker] o.apache.catalina.core.StandardService   : Starting service [Tomcat]
2023-09-16T20:52:58.598-05:00  INFO 14556 --- [    Test worker] o.apache.catalina.core.StandardEngine    : Starting Servlet engine: [Apache Tomcat/10.1.12]
2023-09-16T20:52:58.778-05:00  INFO 14556 --- [    Test worker] o.a.c.c.C.[Tomcat].[localhost].[/]       : Initializing Spring embedded WebApplicationContext
2023-09-16T20:52:58.781-05:00  INFO 14556 --- [    Test worker] w.s.c.ServletWebServerApplicationContext : Root WebApplicationContext: initialization completed in 2006 ms
2023-09-16T20:52:59.528-05:00  INFO 14556 --- [    Test worker] o.s.b.w.embedded.tomcat.TomcatWebServer  : Tomcat started on port(s): 59935 (http) with context path ''
2023-09-16T20:52:59.546-05:00  INFO 14556 --- [    Test worker] com.upao.taks.TaksApplicationTests       : Started TaksApplicationTests in 3.291 seconds (process running for 5.566)
2023-09-16T20:53:01.279-05:00  INFO 14556 --- [o-auto-1-exec-1] o.a.c.c.C.[Tomcat].[localhost].[/]       : Initializing Spring DispatcherServlet 'dispatcherServlet'
2023-09-16T20:53:01.279-05:00  INFO 14556 --- [o-auto-1-exec-1] o.s.web.servlet.DispatcherServlet        : Initializing Servlet 'dispatcherServlet'
2023-09-16T20:53:01.281-05:00  INFO 14556 --- [o-auto-1-exec-1] o.s.web.servlet.DispatcherServlet        : Completed initialization in 1 ms
]]></system-out>
  <system-err><![CDATA[]]></system-err>
</testsuite>
